<?xml version="1.0" encoding="UTF-8"?>
<!-- Generated by org.testng.reporters.JUnitReportReporter -->
<testsuite hostname="DESKTOP-332345G" failures="0" tests="1" name="Rws.Operable" time="10.657" errors="0" timestamp="2024-03-28T11:10:33 IST" skipped="0">
  <testcase classname="Rws.Operable" name="checkKeyboardFunctionality" time="10.657"/>
</testsuite> <!-- Rws.Operable -->
